2021-07-22 19:18:51,443 INFO o.a.j.u.JMeterUtils: Setting Locale to en_EN
2021-07-22 19:18:51,477 INFO o.a.j.JMeter: Loading user properties from: /usr/local/Cellar/jmeter/5.4.1/libexec/bin/user.properties
2021-07-22 19:18:51,478 INFO o.a.j.JMeter: Loading system properties from: /usr/local/Cellar/jmeter/5.4.1/libexec/bin/system.properties
2021-07-22 19:18:51,492 INFO o.a.j.JMeter: Copyright (c) 1998-2021 The Apache Software Foundation
2021-07-22 19:18:51,493 INFO o.a.j.JMeter: Version 5.4.1
2021-07-22 19:18:51,493 INFO o.a.j.JMeter: java.version=15.0.2
2021-07-22 19:18:51,493 INFO o.a.j.JMeter: java.vm.name=OpenJDK 64-Bit Server VM
2021-07-22 19:18:51,493 INFO o.a.j.JMeter: os.name=Mac OS X
2021-07-22 19:18:51,493 INFO o.a.j.JMeter: os.arch=x86_64
2021-07-22 19:18:51,493 INFO o.a.j.JMeter: os.version=11.4
2021-07-22 19:18:51,493 INFO o.a.j.JMeter: file.encoding=UTF-8
2021-07-22 19:18:51,493 INFO o.a.j.JMeter: java.awt.headless=null
2021-07-22 19:18:51,494 INFO o.a.j.JMeter: Max memory     =1073741824
2021-07-22 19:18:51,494 INFO o.a.j.JMeter: Available Processors =4
2021-07-22 19:18:51,510 INFO o.a.j.JMeter: Default Locale=English (EN)
2021-07-22 19:18:51,510 INFO o.a.j.JMeter: JMeter  Locale=English (EN)
2021-07-22 19:18:51,510 INFO o.a.j.JMeter: JMeterHome=/usr/local/Cellar/jmeter/5.4.1/libexec
2021-07-22 19:18:51,510 INFO o.a.j.JMeter: user.dir  =/Users/eldelto/Documents/workspace/tinyblog
2021-07-22 19:18:51,511 INFO o.a.j.JMeter: PWD       =/Users/eldelto/Documents/workspace/tinyblog
2021-07-22 19:18:51,513 INFO o.a.j.JMeter: IP: 127.0.0.1 Name: deltobook.local FullName: localhost
2021-07-22 19:18:51,878 INFO o.a.j.JMeter: Setting LAF to: com.github.weisj.darklaf.DarkLaf:com.github.weisj.darklaf.theme.DarculaTheme
2021-07-22 19:18:53,640 INFO o.a.j.JMeter: Loaded icon properties from org/apache/jmeter/images/icon.properties
2021-07-22 19:18:54,947 INFO o.j.r.JARSourceHTTP: Requesting https://jmeter-plugins.org/repo/?installID=mac_os_x-38af64ef7098649ed85868c0fda41f27-gui
2021-07-22 19:18:57,078 INFO o.j.r.PluginManager: Plugins Status: [jpgc-plugins-manager=1.6, jmeter-core=5.4.1, jmeter-ftp=5.4.1, jmeter-http=5.4.1, jmeter-jdbc=5.4.1, jmeter-jms=5.4.1, jmeter-junit=5.4.1, jmeter-java=5.4.1, jmeter-ldap=5.4.1, jmeter-mail=5.4.1, jmeter-mongodb=5.4.1, jmeter-native=5.4.1, jmeter-tcp=5.4.1, jmeter-components=5.4.1]
2021-07-22 19:19:31,579 INFO o.a.j.p.h.s.HTTPSamplerBase: Parser for text/html is org.apache.jmeter.protocol.http.parser.LagartoBasedHtmlParser
2021-07-22 19:19:31,579 INFO o.a.j.p.h.s.HTTPSamplerBase: Parser for application/xhtml+xml is org.apache.jmeter.protocol.http.parser.LagartoBasedHtmlParser
2021-07-22 19:19:31,579 INFO o.a.j.p.h.s.HTTPSamplerBase: Parser for application/xml is org.apache.jmeter.protocol.http.parser.LagartoBasedHtmlParser
2021-07-22 19:19:31,580 INFO o.a.j.p.h.s.HTTPSamplerBase: Parser for text/xml is org.apache.jmeter.protocol.http.parser.LagartoBasedHtmlParser
2021-07-22 19:19:31,580 INFO o.a.j.p.h.s.HTTPSamplerBase: Parser for text/vnd.wap.wml is org.apache.jmeter.protocol.http.parser.RegexpHTMLParser
2021-07-22 19:19:31,580 INFO o.a.j.p.h.s.HTTPSamplerBase: Parser for text/css is org.apache.jmeter.protocol.http.parser.CssParser
2021-07-22 19:19:54,128 INFO o.a.j.e.StandardJMeterEngine: Running the test!
2021-07-22 19:19:54,129 INFO o.a.j.s.SampleEvent: List of sample_variables: []
2021-07-22 19:19:54,129 INFO o.a.j.s.SampleEvent: List of sample_variables: []
2021-07-22 19:19:54,130 INFO o.a.j.e.u.CompoundVariable: Note: Function class names must contain the string: '.functions.'
2021-07-22 19:19:54,131 INFO o.a.j.e.u.CompoundVariable: Note: Function class names must not contain the string: '.gui.'
2021-07-22 19:19:54,167 INFO o.a.j.g.u.JMeterMenuBar: setRunning(true, *local*)
2021-07-22 19:19:54,206 INFO o.a.j.e.StandardJMeterEngine: Starting ThreadGroup: 1 : Thread Group
2021-07-22 19:19:54,206 INFO o.a.j.e.StandardJMeterEngine: Starting 10 threads for group Thread Group.
2021-07-22 19:19:54,206 INFO o.a.j.e.StandardJMeterEngine: Thread will continue on error
2021-07-22 19:19:54,207 INFO o.a.j.t.ThreadGroup: Starting thread group... number=1 threads=10 ramp-up=1 delayedStart=false
2021-07-22 19:19:54,211 INFO o.a.j.t.JMeterThread: Thread started: Thread Group 1-1
2021-07-22 19:19:54,222 INFO o.a.j.t.ThreadGroup: Started thread group number 1
2021-07-22 19:19:54,222 INFO o.a.j.e.StandardJMeterEngine: All thread groups have been started
2021-07-22 19:19:54,222 INFO o.a.j.p.h.s.HTTPHCAbstractImpl: Local host = deltobook.local
2021-07-22 19:19:54,229 INFO o.a.j.p.h.s.HTTPHC4Impl: HTTP request retry count = 0
2021-07-22 19:19:54,230 INFO o.a.j.s.SampleResult: Note: Sample TimeStamps are START times
2021-07-22 19:19:54,230 INFO o.a.j.s.SampleResult: sampleresult.default.encoding is set to ISO-8859-1
2021-07-22 19:19:54,230 INFO o.a.j.s.SampleResult: sampleresult.useNanoTime=true
2021-07-22 19:19:54,230 INFO o.a.j.s.SampleResult: sampleresult.nanoThreadSleep=5000
2021-07-22 19:19:54,308 INFO o.a.j.t.JMeterThread: Thread started: Thread Group 1-2
2021-07-22 19:19:54,411 INFO o.a.j.t.JMeterThread: Thread started: Thread Group 1-3
2021-07-22 19:19:54,512 INFO o.a.j.t.JMeterThread: Thread started: Thread Group 1-4
2021-07-22 19:19:54,611 INFO o.a.j.t.JMeterThread: Thread started: Thread Group 1-5
2021-07-22 19:19:54,711 INFO o.a.j.t.JMeterThread: Thread started: Thread Group 1-6
2021-07-22 19:19:54,816 INFO o.a.j.t.JMeterThread: Thread started: Thread Group 1-7
2021-07-22 19:19:54,917 INFO o.a.j.t.JMeterThread: Thread started: Thread Group 1-8
2021-07-22 19:19:55,015 INFO o.a.j.t.JMeterThread: Thread started: Thread Group 1-9
2021-07-22 19:19:55,111 INFO o.a.j.t.JMeterThread: Thread started: Thread Group 1-10
2021-07-22 19:20:09,936 INFO o.a.j.g.a.Start: Stopping test
2021-07-22 19:20:09,953 INFO o.a.j.t.JMeterThread: Stopping: Thread Group 1-4
2021-07-22 19:20:09,954 WARN o.a.j.t.JMeterThread: Interrupting: Thread Group 1-4 sampler: HTTP Request
2021-07-22 19:20:09,959 INFO o.a.j.t.JMeterThread: Stopping: Thread Group 1-2
2021-07-22 19:20:09,959 WARN o.a.j.t.JMeterThread: Interrupting: Thread Group 1-2 sampler: HTTP Request
2021-07-22 19:20:09,959 INFO o.a.j.t.JMeterThread: Thread finished: Thread Group 1-4
2021-07-22 19:20:09,959 INFO o.a.j.t.JMeterThread: Stopping: Thread Group 1-5
2021-07-22 19:20:09,960 WARN o.a.j.t.JMeterThread: Interrupting: Thread Group 1-5 sampler: HTTP Request
2021-07-22 19:20:09,960 INFO o.a.j.t.JMeterThread: Thread finished: Thread Group 1-2
2021-07-22 19:20:09,960 INFO o.a.j.t.JMeterThread: Stopping: Thread Group 1-10
2021-07-22 19:20:09,960 INFO o.a.j.t.JMeterThread: Thread finished: Thread Group 1-5
2021-07-22 19:20:09,960 WARN o.a.j.t.JMeterThread: Interrupting: Thread Group 1-10 sampler: HTTP Request
2021-07-22 19:20:09,961 INFO o.a.j.t.JMeterThread: Stopping: Thread Group 1-7
2021-07-22 19:20:09,961 WARN o.a.j.t.JMeterThread: Interrupting: Thread Group 1-7 sampler: HTTP Request
2021-07-22 19:20:09,961 INFO o.a.j.t.JMeterThread: Thread finished: Thread Group 1-10
2021-07-22 19:20:09,961 INFO o.a.j.t.JMeterThread: Stopping: Thread Group 1-9
2021-07-22 19:20:09,961 WARN o.a.j.t.JMeterThread: Interrupting: Thread Group 1-9 sampler: HTTP Request
2021-07-22 19:20:09,961 INFO o.a.j.t.JMeterThread: Thread finished: Thread Group 1-7
2021-07-22 19:20:09,962 INFO o.a.j.t.JMeterThread: Stopping: Thread Group 1-6
2021-07-22 19:20:09,962 WARN o.a.j.t.JMeterThread: Interrupting: Thread Group 1-6 sampler: HTTP Request
2021-07-22 19:20:09,962 INFO o.a.j.t.JMeterThread: Thread finished: Thread Group 1-9
2021-07-22 19:20:09,962 INFO o.a.j.t.JMeterThread: Stopping: Thread Group 1-8
2021-07-22 19:20:09,962 INFO o.a.j.t.JMeterThread: Thread finished: Thread Group 1-6
2021-07-22 19:20:09,962 WARN o.a.j.t.JMeterThread: Interrupting: Thread Group 1-8 sampler: HTTP Request
2021-07-22 19:20:09,963 INFO o.a.j.t.JMeterThread: Stopping: Thread Group 1-1
2021-07-22 19:20:09,963 WARN o.a.j.t.JMeterThread: Interrupting: Thread Group 1-1 sampler: HTTP Request
2021-07-22 19:20:09,963 INFO o.a.j.t.JMeterThread: Thread finished: Thread Group 1-8
2021-07-22 19:20:09,963 INFO o.a.j.t.JMeterThread: Stopping: Thread Group 1-3
2021-07-22 19:20:09,963 INFO o.a.j.t.JMeterThread: Thread finished: Thread Group 1-1
2021-07-22 19:20:09,964 WARN o.a.j.t.JMeterThread: Interrupting: Thread Group 1-3 sampler: HTTP Request
2021-07-22 19:20:09,964 INFO o.a.j.t.JMeterThread: Thread finished: Thread Group 1-3
2021-07-22 19:20:09,964 INFO o.a.j.e.StandardJMeterEngine: Notifying test listeners of end of test
2021-07-22 19:20:09,967 INFO o.a.j.s.FileServer: Default base='/Users/eldelto/Documents/workspace/tinyblog'
2021-07-22 19:20:09,967 INFO o.a.j.g.u.JMeterMenuBar: setRunning(false, *local*)
2021-07-22 19:23:11,018 INFO o.a.j.e.StandardJMeterEngine: Running the test!
2021-07-22 19:23:11,018 INFO o.a.j.s.SampleEvent: List of sample_variables: []
2021-07-22 19:23:11,019 INFO o.a.j.g.u.JMeterMenuBar: setRunning(true, *local*)
2021-07-22 19:23:11,056 INFO o.a.j.e.StandardJMeterEngine: Starting ThreadGroup: 1 : Thread Group
2021-07-22 19:23:11,056 INFO o.a.j.e.StandardJMeterEngine: Starting 10 threads for group Thread Group.
2021-07-22 19:23:11,056 INFO o.a.j.e.StandardJMeterEngine: Thread will continue on error
2021-07-22 19:23:11,056 INFO o.a.j.t.ThreadGroup: Starting thread group... number=1 threads=10 ramp-up=1 delayedStart=false
2021-07-22 19:23:11,057 INFO o.a.j.t.JMeterThread: Thread started: Thread Group 1-1
2021-07-22 19:23:11,064 INFO o.a.j.t.ThreadGroup: Started thread group number 1
2021-07-22 19:23:11,064 INFO o.a.j.e.StandardJMeterEngine: All thread groups have been started
2021-07-22 19:23:11,157 INFO o.a.j.t.JMeterThread: Thread started: Thread Group 1-2
2021-07-22 19:23:11,260 INFO o.a.j.t.JMeterThread: Thread started: Thread Group 1-3
2021-07-22 19:23:11,358 INFO o.a.j.t.JMeterThread: Thread started: Thread Group 1-4
2021-07-22 19:23:11,458 INFO o.a.j.t.JMeterThread: Thread started: Thread Group 1-5
2021-07-22 19:23:11,561 INFO o.a.j.t.JMeterThread: Thread started: Thread Group 1-6
2021-07-22 19:23:11,657 INFO o.a.j.t.JMeterThread: Thread started: Thread Group 1-7
2021-07-22 19:23:11,758 INFO o.a.j.t.JMeterThread: Thread started: Thread Group 1-8
2021-07-22 19:23:11,858 INFO o.a.j.t.JMeterThread: Thread started: Thread Group 1-9
2021-07-22 19:23:11,957 INFO o.a.j.t.JMeterThread: Thread started: Thread Group 1-10
2021-07-22 19:23:53,700 INFO o.a.j.g.a.Start: Stopping test
2021-07-22 19:23:53,719 INFO o.a.j.t.JMeterThread: Stopping: Thread Group 1-7
2021-07-22 19:23:53,719 WARN o.a.j.t.JMeterThread: Interrupting: Thread Group 1-7 sampler: HTTP Request
2021-07-22 19:23:53,720 INFO o.a.j.t.JMeterThread: Stopping: Thread Group 1-9
2021-07-22 19:23:53,720 WARN o.a.j.t.JMeterThread: Interrupting: Thread Group 1-9 sampler: HTTP Request
2021-07-22 19:23:53,720 INFO o.a.j.t.JMeterThread: Thread finished: Thread Group 1-7
2021-07-22 19:23:53,721 INFO o.a.j.t.JMeterThread: Stopping: Thread Group 1-4
2021-07-22 19:23:53,721 WARN o.a.j.t.JMeterThread: Interrupting: Thread Group 1-4 sampler: HTTP Request
2021-07-22 19:23:53,721 INFO o.a.j.t.JMeterThread: Thread finished: Thread Group 1-9
2021-07-22 19:23:53,722 INFO o.a.j.t.JMeterThread: Stopping: Thread Group 1-2
2021-07-22 19:23:53,722 WARN o.a.j.t.JMeterThread: Interrupting: Thread Group 1-2 sampler: HTTP Request
2021-07-22 19:23:53,722 INFO o.a.j.t.JMeterThread: Thread finished: Thread Group 1-4
2021-07-22 19:23:53,722 INFO o.a.j.t.JMeterThread: Stopping: Thread Group 1-1
2021-07-22 19:23:53,722 WARN o.a.j.t.JMeterThread: Interrupting: Thread Group 1-1 sampler: HTTP Request
2021-07-22 19:23:53,722 INFO o.a.j.t.JMeterThread: Thread finished: Thread Group 1-2
2021-07-22 19:23:53,723 INFO o.a.j.t.JMeterThread: Stopping: Thread Group 1-10
2021-07-22 19:23:53,723 WARN o.a.j.t.JMeterThread: Interrupting: Thread Group 1-10 sampler: HTTP Request
2021-07-22 19:23:53,723 INFO o.a.j.t.JMeterThread: Thread finished: Thread Group 1-1
2021-07-22 19:23:53,724 INFO o.a.j.t.JMeterThread: Stopping: Thread Group 1-8
2021-07-22 19:23:53,724 INFO o.a.j.t.JMeterThread: Thread finished: Thread Group 1-10
2021-07-22 19:23:53,724 WARN o.a.j.t.JMeterThread: Interrupting: Thread Group 1-8 sampler: HTTP Request
2021-07-22 19:23:53,725 INFO o.a.j.t.JMeterThread: Stopping: Thread Group 1-3
2021-07-22 19:23:53,725 WARN o.a.j.t.JMeterThread: Interrupting: Thread Group 1-3 sampler: HTTP Request
2021-07-22 19:23:53,725 INFO o.a.j.t.JMeterThread: Thread finished: Thread Group 1-8
2021-07-22 19:23:53,726 INFO o.a.j.t.JMeterThread: Stopping: Thread Group 1-6
2021-07-22 19:23:53,726 WARN o.a.j.t.JMeterThread: Interrupting: Thread Group 1-6 sampler: HTTP Request
2021-07-22 19:23:53,728 INFO o.a.j.t.JMeterThread: Stopping: Thread Group 1-5
2021-07-22 19:23:53,728 WARN o.a.j.t.JMeterThread: Interrupting: Thread Group 1-5 sampler: HTTP Request
2021-07-22 19:23:53,729 INFO o.a.j.t.JMeterThread: Thread finished: Thread Group 1-6
2021-07-22 19:23:53,729 INFO o.a.j.t.JMeterThread: Thread finished: Thread Group 1-5
2021-07-22 19:23:53,733 INFO o.a.j.t.JMeterThread: Thread finished: Thread Group 1-3
2021-07-22 19:23:53,734 INFO o.a.j.e.StandardJMeterEngine: Notifying test listeners of end of test
2021-07-22 19:23:53,734 INFO o.a.j.g.u.JMeterMenuBar: setRunning(false, *local*)
2021-07-22 19:24:35,097 INFO o.a.j.v.ViewResultsFullVisualizer: Add JavaFX to your Java installation if you want to use renderer: org.apache.jmeter.visualizers.RenderInBrowser
2021-07-22 19:24:39,834 INFO o.a.j.e.StandardJMeterEngine: Running the test!
2021-07-22 19:24:39,834 INFO o.a.j.s.SampleEvent: List of sample_variables: []
2021-07-22 19:24:39,836 INFO o.a.j.g.u.JMeterMenuBar: setRunning(true, *local*)
2021-07-22 19:24:39,904 INFO o.a.j.e.StandardJMeterEngine: Starting ThreadGroup: 1 : Thread Group
2021-07-22 19:24:39,904 INFO o.a.j.e.StandardJMeterEngine: Starting 10 threads for group Thread Group.
2021-07-22 19:24:39,904 INFO o.a.j.e.StandardJMeterEngine: Thread will continue on error
2021-07-22 19:24:39,904 INFO o.a.j.t.ThreadGroup: Starting thread group... number=1 threads=10 ramp-up=1 delayedStart=false
2021-07-22 19:24:39,905 INFO o.a.j.t.JMeterThread: Thread started: Thread Group 1-1
2021-07-22 19:24:39,916 INFO o.a.j.t.ThreadGroup: Started thread group number 1
2021-07-22 19:24:39,916 INFO o.a.j.e.StandardJMeterEngine: All thread groups have been started
2021-07-22 19:24:40,009 INFO o.a.j.t.JMeterThread: Thread started: Thread Group 1-2
2021-07-22 19:24:40,107 INFO o.a.j.t.JMeterThread: Thread started: Thread Group 1-3
2021-07-22 19:24:40,206 INFO o.a.j.t.JMeterThread: Thread started: Thread Group 1-4
2021-07-22 19:24:40,306 INFO o.a.j.t.JMeterThread: Thread started: Thread Group 1-5
2021-07-22 19:24:40,412 INFO o.a.j.t.JMeterThread: Thread started: Thread Group 1-6
2021-07-22 19:24:40,510 INFO o.a.j.t.JMeterThread: Thread started: Thread Group 1-7
2021-07-22 19:24:40,609 INFO o.a.j.t.JMeterThread: Thread started: Thread Group 1-8
2021-07-22 19:24:40,713 INFO o.a.j.t.JMeterThread: Thread started: Thread Group 1-9
2021-07-22 19:24:40,807 INFO o.a.j.t.JMeterThread: Thread started: Thread Group 1-10
2021-07-22 19:24:43,321 INFO o.a.j.g.a.Start: Stopping test
2021-07-22 19:24:43,345 INFO o.a.j.t.JMeterThread: Stopping: Thread Group 1-2
2021-07-22 19:24:43,345 WARN o.a.j.t.JMeterThread: Interrupting: Thread Group 1-2 sampler: HTTP Request
2021-07-22 19:24:43,346 INFO o.a.j.t.JMeterThread: Stopping: Thread Group 1-10
2021-07-22 19:24:43,346 WARN o.a.j.t.JMeterThread: Interrupting: Thread Group 1-10 sampler: HTTP Request
2021-07-22 19:24:43,347 INFO o.a.j.t.JMeterThread: Thread finished: Thread Group 1-2
2021-07-22 19:24:43,348 INFO o.a.j.t.JMeterThread: Stopping: Thread Group 1-9
2021-07-22 19:24:43,349 WARN o.a.j.t.JMeterThread: Interrupting: Thread Group 1-9 sampler: HTTP Request
2021-07-22 19:24:43,351 INFO o.a.j.t.JMeterThread: Stopping: Thread Group 1-5
2021-07-22 19:24:43,352 INFO o.a.j.t.JMeterThread: Thread finished: Thread Group 1-10
2021-07-22 19:24:43,352 WARN o.a.j.t.JMeterThread: Interrupting: Thread Group 1-5 sampler: HTTP Request
2021-07-22 19:24:43,352 INFO o.a.j.t.JMeterThread: Stopping: Thread Group 1-8
2021-07-22 19:24:43,352 INFO o.a.j.t.JMeterThread: Thread finished: Thread Group 1-5
2021-07-22 19:24:43,352 INFO o.a.j.t.JMeterThread: Thread finished: Thread Group 1-9
2021-07-22 19:24:43,352 WARN o.a.j.t.JMeterThread: Interrupting: Thread Group 1-8 sampler: HTTP Request
2021-07-22 19:24:43,353 INFO o.a.j.t.JMeterThread: Stopping: Thread Group 1-3
2021-07-22 19:24:43,353 INFO o.a.j.t.JMeterThread: Thread finished: Thread Group 1-3
2021-07-22 19:24:43,353 INFO o.a.j.t.JMeterThread: Thread finished: Thread Group 1-8
2021-07-22 19:24:43,354 INFO o.a.j.t.JMeterThread: Stopping: Thread Group 1-1
2021-07-22 19:24:43,354 WARN o.a.j.t.JMeterThread: Interrupting: Thread Group 1-1 sampler: HTTP Request
2021-07-22 19:24:43,355 INFO o.a.j.t.JMeterThread: Stopping: Thread Group 1-4
2021-07-22 19:24:43,355 WARN o.a.j.t.JMeterThread: Interrupting: Thread Group 1-4 sampler: HTTP Request
2021-07-22 19:24:43,355 INFO o.a.j.t.JMeterThread: Thread finished: Thread Group 1-1
2021-07-22 19:24:43,356 INFO o.a.j.t.JMeterThread: Stopping: Thread Group 1-7
2021-07-22 19:24:43,356 WARN o.a.j.t.JMeterThread: Interrupting: Thread Group 1-7 sampler: HTTP Request
2021-07-22 19:24:43,356 INFO o.a.j.t.JMeterThread: Thread finished: Thread Group 1-4
2021-07-22 19:24:43,356 INFO o.a.j.t.JMeterThread: Stopping: Thread Group 1-6
2021-07-22 19:24:43,356 WARN o.a.j.t.JMeterThread: Interrupting: Thread Group 1-6 sampler: HTTP Request
2021-07-22 19:24:43,357 WARN o.a.j.t.JMeterThread: No operation pending
2021-07-22 19:24:43,357 INFO o.a.j.t.JMeterThread: Thread finished: Thread Group 1-7
2021-07-22 19:24:43,358 INFO o.a.j.t.JMeterThread: Thread finished: Thread Group 1-6
2021-07-22 19:24:43,358 INFO o.a.j.e.StandardJMeterEngine: Notifying test listeners of end of test
2021-07-22 19:24:43,358 INFO o.a.j.g.u.JMeterMenuBar: setRunning(false, *local*)
2021-07-22 19:25:06,059 INFO o.a.j.e.StandardJMeterEngine: Running the test!
2021-07-22 19:25:06,060 INFO o.a.j.s.SampleEvent: List of sample_variables: []
2021-07-22 19:25:06,060 INFO o.a.j.g.u.JMeterMenuBar: setRunning(true, *local*)
2021-07-22 19:25:06,107 INFO o.a.j.e.StandardJMeterEngine: Starting ThreadGroup: 1 : Thread Group
2021-07-22 19:25:06,107 INFO o.a.j.e.StandardJMeterEngine: Starting 10 threads for group Thread Group.
2021-07-22 19:25:06,107 INFO o.a.j.e.StandardJMeterEngine: Thread will continue on error
2021-07-22 19:25:06,107 INFO o.a.j.t.ThreadGroup: Starting thread group... number=1 threads=10 ramp-up=1 delayedStart=false
2021-07-22 19:25:06,109 INFO o.a.j.t.JMeterThread: Thread started: Thread Group 1-1
2021-07-22 19:25:06,120 INFO o.a.j.t.ThreadGroup: Started thread group number 1
2021-07-22 19:25:06,120 INFO o.a.j.e.StandardJMeterEngine: All thread groups have been started
2021-07-22 19:25:06,210 INFO o.a.j.t.JMeterThread: Thread started: Thread Group 1-2
2021-07-22 19:25:06,309 INFO o.a.j.t.JMeterThread: Thread started: Thread Group 1-3
2021-07-22 19:25:06,409 INFO o.a.j.t.JMeterThread: Thread started: Thread Group 1-4
2021-07-22 19:25:06,512 INFO o.a.j.t.JMeterThread: Thread started: Thread Group 1-5
2021-07-22 19:25:06,611 INFO o.a.j.t.JMeterThread: Thread started: Thread Group 1-6
2021-07-22 19:25:06,713 INFO o.a.j.t.JMeterThread: Thread started: Thread Group 1-7
2021-07-22 19:25:06,812 INFO o.a.j.t.JMeterThread: Thread started: Thread Group 1-8
2021-07-22 19:25:06,912 INFO o.a.j.t.JMeterThread: Thread started: Thread Group 1-9
2021-07-22 19:25:07,012 INFO o.a.j.t.JMeterThread: Thread started: Thread Group 1-10
2021-07-22 19:25:24,537 INFO o.a.j.g.a.Start: Stopping test
2021-07-22 19:25:24,559 INFO o.a.j.t.JMeterThread: Stopping: Thread Group 1-2
2021-07-22 19:25:24,559 WARN o.a.j.t.JMeterThread: Interrupting: Thread Group 1-2 sampler: HTTP Request
2021-07-22 19:25:24,561 INFO o.a.j.t.JMeterThread: Stopping: Thread Group 1-3
2021-07-22 19:25:24,561 WARN o.a.j.t.JMeterThread: Interrupting: Thread Group 1-3 sampler: HTTP Request
2021-07-22 19:25:24,563 INFO o.a.j.t.JMeterThread: Stopping: Thread Group 1-4
2021-07-22 19:25:24,563 WARN o.a.j.t.JMeterThread: Interrupting: Thread Group 1-4 sampler: HTTP Request
2021-07-22 19:25:24,563 INFO o.a.j.t.JMeterThread: Thread finished: Thread Group 1-3
2021-07-22 19:25:24,563 INFO o.a.j.t.JMeterThread: Stopping: Thread Group 1-1
2021-07-22 19:25:24,564 WARN o.a.j.t.JMeterThread: Interrupting: Thread Group 1-1 sampler: HTTP Request
2021-07-22 19:25:24,564 INFO o.a.j.t.JMeterThread: Thread finished: Thread Group 1-4
2021-07-22 19:25:24,564 INFO o.a.j.t.JMeterThread: Thread finished: Thread Group 1-2
2021-07-22 19:25:24,564 INFO o.a.j.t.JMeterThread: Stopping: Thread Group 1-8
2021-07-22 19:25:24,564 WARN o.a.j.t.JMeterThread: Interrupting: Thread Group 1-8 sampler: HTTP Request
2021-07-22 19:25:24,564 INFO o.a.j.t.JMeterThread: Stopping: Thread Group 1-9
2021-07-22 19:25:24,564 WARN o.a.j.t.JMeterThread: Interrupting: Thread Group 1-9 sampler: HTTP Request
2021-07-22 19:25:24,564 INFO o.a.j.t.JMeterThread: Thread finished: Thread Group 1-8
2021-07-22 19:25:24,564 INFO o.a.j.t.JMeterThread: Stopping: Thread Group 1-6
2021-07-22 19:25:24,565 WARN o.a.j.t.JMeterThread: Interrupting: Thread Group 1-6 sampler: HTTP Request
2021-07-22 19:25:24,565 INFO o.a.j.t.JMeterThread: Stopping: Thread Group 1-7
2021-07-22 19:25:24,565 INFO o.a.j.t.JMeterThread: Thread finished: Thread Group 1-9
2021-07-22 19:25:24,565 WARN o.a.j.t.JMeterThread: Interrupting: Thread Group 1-7 sampler: HTTP Request
2021-07-22 19:25:24,565 INFO o.a.j.t.JMeterThread: Thread finished: Thread Group 1-6
2021-07-22 19:25:24,565 INFO o.a.j.t.JMeterThread: Thread finished: Thread Group 1-1
2021-07-22 19:25:24,565 INFO o.a.j.t.JMeterThread: Stopping: Thread Group 1-5
2021-07-22 19:25:24,565 WARN o.a.j.t.JMeterThread: Interrupting: Thread Group 1-5 sampler: HTTP Request
2021-07-22 19:25:24,565 INFO o.a.j.t.JMeterThread: Thread finished: Thread Group 1-7
2021-07-22 19:25:24,566 INFO o.a.j.t.JMeterThread: Stopping: Thread Group 1-10
2021-07-22 19:25:24,566 WARN o.a.j.t.JMeterThread: Interrupting: Thread Group 1-10 sampler: HTTP Request
2021-07-22 19:25:24,566 INFO o.a.j.t.JMeterThread: Thread finished: Thread Group 1-5
2021-07-22 19:25:24,566 INFO o.a.j.t.JMeterThread: Thread finished: Thread Group 1-10
2021-07-22 19:25:24,567 INFO o.a.j.e.StandardJMeterEngine: Notifying test listeners of end of test
2021-07-22 19:25:24,567 INFO o.a.j.g.u.JMeterMenuBar: setRunning(false, *local*)
2021-07-22 19:25:49,155 INFO o.a.j.e.StandardJMeterEngine: Running the test!
2021-07-22 19:25:49,155 INFO o.a.j.s.SampleEvent: List of sample_variables: []
2021-07-22 19:25:49,156 INFO o.a.j.g.u.JMeterMenuBar: setRunning(true, *local*)
2021-07-22 19:25:49,197 INFO o.a.j.e.StandardJMeterEngine: Starting ThreadGroup: 1 : Thread Group
2021-07-22 19:25:49,198 INFO o.a.j.e.StandardJMeterEngine: Starting 1 threads for group Thread Group.
2021-07-22 19:25:49,198 INFO o.a.j.e.StandardJMeterEngine: Thread will continue on error
2021-07-22 19:25:49,199 INFO o.a.j.t.ThreadGroup: Starting thread group... number=1 threads=1 ramp-up=1 delayedStart=false
2021-07-22 19:25:49,201 INFO o.a.j.t.ThreadGroup: Started thread group number 1
2021-07-22 19:25:49,201 INFO o.a.j.t.JMeterThread: Thread started: Thread Group 1-1
2021-07-22 19:25:49,201 INFO o.a.j.e.StandardJMeterEngine: All thread groups have been started
2021-07-22 19:25:57,064 INFO o.a.j.g.a.Start: Stopping test
2021-07-22 19:25:57,078 INFO o.a.j.t.JMeterThread: Stopping: Thread Group 1-1
2021-07-22 19:25:57,078 INFO o.a.j.t.JMeterThread: Thread finished: Thread Group 1-1
2021-07-22 19:25:57,078 INFO o.a.j.e.StandardJMeterEngine: Notifying test listeners of end of test
2021-07-22 19:25:57,079 INFO o.a.j.g.u.JMeterMenuBar: setRunning(false, *local*)
2021-07-22 19:26:09,514 INFO o.a.j.e.StandardJMeterEngine: Running the test!
2021-07-22 19:26:09,514 INFO o.a.j.s.SampleEvent: List of sample_variables: []
2021-07-22 19:26:09,515 INFO o.a.j.g.u.JMeterMenuBar: setRunning(true, *local*)
2021-07-22 19:26:09,558 INFO o.a.j.e.StandardJMeterEngine: Starting ThreadGroup: 1 : Thread Group
2021-07-22 19:26:09,559 INFO o.a.j.e.StandardJMeterEngine: Starting 1 threads for group Thread Group.
2021-07-22 19:26:09,559 INFO o.a.j.e.StandardJMeterEngine: Thread will continue on error
2021-07-22 19:26:09,559 INFO o.a.j.t.ThreadGroup: Starting thread group... number=1 threads=1 ramp-up=1 delayedStart=false
2021-07-22 19:26:09,559 INFO o.a.j.t.JMeterThread: Thread started: Thread Group 1-1
2021-07-22 19:26:09,560 INFO o.a.j.t.ThreadGroup: Started thread group number 1
2021-07-22 19:26:09,561 INFO o.a.j.e.StandardJMeterEngine: All thread groups have been started
2021-07-22 19:26:52,000 INFO o.a.j.g.a.Start: Stopping test
2021-07-22 19:26:52,016 INFO o.a.j.t.JMeterThread: Stopping: Thread Group 1-1
2021-07-22 19:26:52,017 INFO o.a.j.t.JMeterThread: Thread finished: Thread Group 1-1
2021-07-22 19:26:52,017 INFO o.a.j.e.StandardJMeterEngine: Notifying test listeners of end of test
2021-07-22 19:26:52,017 INFO o.a.j.g.u.JMeterMenuBar: setRunning(false, *local*)
2021-07-22 19:28:06,541 INFO o.a.j.s.FileServer: Set new base='/Users/eldelto/Documents/workspace/tinyblog/test/jmeter'
2021-07-22 19:28:06,700 INFO o.a.j.s.SaveService: Testplan (JMX) version: 2.2. Testlog (JTL) version: 2.2
2021-07-22 19:28:06,711 INFO o.a.j.s.SaveService: Using SaveService properties version 5.0
2021-07-22 19:28:06,713 INFO o.a.j.s.SaveService: Using SaveService properties file encoding UTF-8
